<?xml version="1.0" encoding="UTF-8"?>
<testng-results skipped="0" failed="0" ignored="0" total="1" passed="1">
  <reporter-output>
  </reporter-output>
  <suite name="Default suite" duration-ms="40169" started-at="2018-07-14T10:26:12Z" finished-at="2018-07-14T10:26:53Z">
    <groups>
    </groups>
    <test name="Default test" duration-ms="40169" started-at="2018-07-14T10:26:12Z" finished-at="2018-07-14T10:26:53Z">
      <class name="Gmail.Compose.LoggerTest">
        <test-method status="PASS" signature="beforeTest()[pri:0, instance:Gmail.Compose.LoggerTest@93dd95]" name="beforeTest" is-config="true" duration-ms="31" started-at="2018-07-14T10:26:12Z" finished-at="2018-07-14T10:26:12Z">
          <reporter-output>
          </reporter-output>
        </test-method> <!-- beforeTest -->
        <test-method status="PASS" signature="Logger()[pri:0, instance:Gmail.Compose.LoggerTest@93dd95]" name="Logger" duration-ms="40103" started-at="2018-07-14T10:26:12Z" finished-at="2018-07-14T10:26:53Z">
          <reporter-output>
          </reporter-output>
        </test-method> <!-- Logger -->
      </class> <!-- Gmail.Compose.LoggerTest -->
    </test> <!-- Default test -->
  </suite> <!-- Default suite -->
</testng-results>
