<?xml version="1.0" encoding="UTF-8"?>
<testng-results skipped="0" failed="0" ignored="0" total="1" passed="1">
  <reporter-output>
  </reporter-output>
  <suite name="Default suite" duration-ms="58521" started-at="2018-07-13T10:43:59Z" finished-at="2018-07-13T10:44:57Z">
    <groups>
    </groups>
    <test name="Default test" duration-ms="58521" started-at="2018-07-13T10:43:59Z" finished-at="2018-07-13T10:44:57Z">
      <class name="Gmail.Compose.GmailTest">
        <test-method status="PASS" signature="Browser()[pri:0, instance:Gmail.Compose.GmailTest@5792a0]" name="Browser" is-config="true" duration-ms="16" started-at="2018-07-13T10:43:59Z" finished-at="2018-07-13T10:43:59Z">
          <reporter-output>
          </reporter-output>
        </test-method> <!-- Browser -->
        <test-method status="PASS" signature="Gmail()[pri:0, instance:Gmail.Compose.GmailTest@5792a0]" name="Gmail" duration-ms="58469" started-at="2018-07-13T10:43:59Z" finished-at="2018-07-13T10:44:57Z">
          <reporter-output>
          </reporter-output>
        </test-method> <!-- Gmail -->
        <test-method status="PASS" signature="Logout()[pri:0, instance:Gmail.Compose.GmailTest@5792a0]" name="Logout" is-config="true" duration-ms="1" started-at="2018-07-13T10:44:57Z" finished-at="2018-07-13T10:44:57Z">
          <reporter-output>
          </reporter-output>
        </test-method> <!-- Logout -->
      </class> <!-- Gmail.Compose.GmailTest -->
    </test> <!-- Default test -->
  </suite> <!-- Default suite -->
</testng-results>
